<?xml version="1.0" encoding="UTF-8"?>
<!-- Generated by org.testng.reporters.JUnitReportReporter -->
<testsuite skipped="0" hostname="HCHLH0318LP4195" name="com.DBAPITesting.Testcases.CompareEmpDetailsRelCodes" tests="1" failures="0" timestamp="04 Jun 2018 09:27:11 GMT" time="0.938" errors="0">
  <testcase name="compareEmpPoints" time="0.938" classname="com.DBAPITesting.Testcases.CompareEmpDetailsRelCodes"/>
</testsuite> <!-- com.DBAPITesting.Testcases.CompareEmpDetailsRelCodes -->
