<?xml version="1.0" encoding="UTF-8"?>
<!-- Generated by org.testng.reporters.JUnitReportReporter -->
<testsuite skipped="0" hostname="HCHLH0318LP4195" name="com.APIConnection.GetEmployeeDetailsGeneric" tests="1" failures="0" timestamp="29 May 2018 06:29:47 GMT" time="0.451" errors="0">
  <testcase name="APIConnection" time="0.451" classname="com.APIConnection.GetEmployeeDetailsGeneric"/>
</testsuite> <!-- com.APIConnection.GetEmployeeDetailsGeneric -->
