<?xml version="1.0" encoding="UTF-8"?>
<!-- Generated by org.testng.reporters.JUnitReportReporter -->
<testsuite skipped="0" hostname="HCHLH0318LP4195" name="com.DBAPITesting.Testcases.ExecuteMultiFunctions" tests="2" failures="0" timestamp="31 May 2018 07:46:20 GMT" time="3.404" errors="0">
  <testcase name="compareEmpPoints" time="1.771" classname="com.DBAPITesting.Testcases.ExecuteMultiFunctions"/>
  <testcase name="comparePollDetails" time="1.633" classname="com.DBAPITesting.Testcases.ExecuteMultiFunctions"/>
</testsuite> <!-- com.DBAPITesting.Testcases.ExecuteMultiFunctions -->
