<?xml version="1.0" encoding="UTF-8"?>
<!-- Generated by org.testng.reporters.JUnitReportReporter -->
<testsuite skipped="0" hostname="HCHLH0318LP4195" name="com.APIConnection.GetAccessTokenGeneric" tests="1" failures="0" timestamp="29 May 2018 05:39:10 GMT" time="0.225" errors="0">
  <testcase name="test" time="0.225" classname="com.APIConnection.GetAccessTokenGeneric"/>
</testsuite> <!-- com.APIConnection.GetAccessTokenGeneric -->
