<?xml version="1.0" encoding="UTF-8"?>
<!-- Generated by org.testng.reporters.JUnitReportReporter -->
<testsuite skipped="0" hostname="HCHLH0318LP4195" name="com.DBAPITesting.Testcases.ComparePollDetails" tests="1" failures="0" timestamp="03 Jun 2018 17:33:12 GMT" time="3.186" errors="0">
  <testcase name="comparePollDetails1" time="3.186" classname="com.DBAPITesting.Testcases.ComparePollDetails"/>
</testsuite> <!-- com.DBAPITesting.Testcases.ComparePollDetails -->
