<?xml version="1.0" encoding="UTF-8"?>
<!-- Generated by org.testng.reporters.JUnitReportReporter -->
<testsuite skipped="0" hostname="HCHLH0318LP4195" name="com.DBAPITesting.FinalTest" tests="2" failures="0" timestamp="28 May 2018 08:51:04 GMT" time="0.650" errors="0">
  <testcase name="DBCOnnection" time="0.218" classname="com.DBAPITesting.FinalTest"/>
  <testcase name="APITest" time="0.432" classname="com.DBAPITesting.FinalTest"/>
</testsuite> <!-- com.DBAPITesting.FinalTest -->
