<?xml version="1.0" encoding="UTF-8"?>
<!-- Generated by org.testng.reporters.JUnitReportReporter -->
<testsuite skipped="0" hostname="HCHLH0318LP4195" name="com.APIConnection.GetPollDetailsGeneric" tests="1" failures="0" timestamp="29 May 2018 06:33:58 GMT" time="0.727" errors="0">
  <testcase name="pollDetails" time="0.727" classname="com.APIConnection.GetPollDetailsGeneric"/>
</testsuite> <!-- com.APIConnection.GetPollDetailsGeneric -->
